This is pdfTeX, Version 3.14159265-2.6-1.40.19 (MiKTeX 2.9.6840) (preloaded format=pdflatex 2018.11.5)  12 MAY 2021 10:27
entering extended mode
**./Documentation.tex
(Documentation.tex
LaTeX2e <2018-04-01> patch level 5

("/Users/bvhuijgevoort/Library/Application Support/MiKTeX/texmfs/install/tex/la
tex/IEEEconf/IEEEconf.cls"
Document Class: IEEEconf 2009/04/05 v1.4 IEEE Computer Society 8.5x11" conferen
ce proceedings

("/Users/bvhuijgevoort/Library/Application Support/MiKTeX/texmfs/install/tex/la
tex/base/article.cls"
Document Class: article 2014/09/29 v1.4h Standard LaTeX document class

("/Users/bvhuijgevoort/Library/Application Support/MiKTeX/texmfs/install/tex/la
tex/base/size10.clo"
File: size10.clo 2014/09/29 v1.4h Standard LaTeX file (size option)
)
\c@part=\count80
\c@section=\count81
\c@subsection=\count82
\c@subsubsection=\count83
\c@paragraph=\count84
\c@subparagraph=\count85
\c@figure=\count86
\c@table=\count87
\abovecaptionskip=\skip41
\belowcaptionskip=\skip42
\bibindent=\dimen102
)
("/Users/bvhuijgevoort/Library/Application Support/MiKTeX/texmfs/install/tex/la
tex/geometry/geometry.sty"
Package: geometry 2018/04/16 v5.8 Page Geometry

("/Users/bvhuijgevoort/Library/Application Support/MiKTeX/texmfs/install/tex/la
tex/graphics/keyval.sty"
Package: keyval 2014/10/28 v1.15 key=value parser (DPC)
\KV@toks@=\toks14
)
("/Users/bvhuijgevoort/Library/Application Support/MiKTeX/texmfs/install/tex/ge
neric/oberdiek/ifpdf.sty"
Package: ifpdf 2018/09/07 v3.3 Provides the ifpdf switch
)
("/Users/bvhuijgevoort/Library/Application Support/MiKTeX/texmfs/install/tex/ge
neric/oberdiek/ifvtex.sty"
Package: ifvtex 2016/05/16 v1.6 Detect VTeX and its facilities (HO)
Package ifvtex Info: VTeX not detected.
)
("/Users/bvhuijgevoort/Library/Application Support/MiKTeX/texmfs/install/tex/ge
neric/ifxetex/ifxetex.sty"
Package: ifxetex 2010/09/12 v0.6 Provides ifxetex conditional
)
\Gm@cnth=\count88
\Gm@cntv=\count89
\c@Gm@tempcnt=\count90
\Gm@bindingoffset=\dimen103
\Gm@wd@mp=\dimen104
\Gm@odd@mp=\dimen105
\Gm@even@mp=\dimen106
\Gm@layoutwidth=\dimen107
\Gm@layoutheight=\dimen108
\Gm@layouthoffset=\dimen109
\Gm@layoutvoffset=\dimen110
\Gm@dimlist=\toks15

("/Users/bvhuijgevoort/Library/Application Support/MiKTeX/texmfs/install/tex/la
tex/geometry/geometry.cfg"))
("/Users/bvhuijgevoort/Library/Application Support/MiKTeX/texmfs/install/tex/la
tex/psnfss/mathptmx.sty"
Package: mathptmx 2005/04/12 PSNFSS-v9.2a Times w/ Math, improved (SPQR, WaS) 
LaTeX Font Info:    Redeclaring symbol font `operators' on input line 28.
LaTeX Font Info:    Overwriting symbol font `operators' in version `normal'
(Font)                  OT1/cmr/m/n --> OT1/ztmcm/m/n on input line 28.
LaTeX Font Info:    Overwriting symbol font `operators' in version `bold'
(Font)                  OT1/cmr/bx/n --> OT1/ztmcm/m/n on input line 28.
LaTeX Font Info:    Redeclaring symbol font `letters' on input line 29.
LaTeX Font Info:    Overwriting symbol font `letters' in version `normal'
(Font)                  OML/cmm/m/it --> OML/ztmcm/m/it on input line 29.
LaTeX Font Info:    Overwriting symbol font `letters' in version `bold'
(Font)                  OML/cmm/b/it --> OML/ztmcm/m/it on input line 29.
LaTeX Font Info:    Redeclaring symbol font `symbols' on input line 30.
LaTeX Font Info:    Overwriting symbol font `symbols' in version `normal'
(Font)                  OMS/cmsy/m/n --> OMS/ztmcm/m/n on input line 30.
LaTeX Font Info:    Overwriting symbol font `symbols' in version `bold'
(Font)                  OMS/cmsy/b/n --> OMS/ztmcm/m/n on input line 30.
LaTeX Font Info:    Redeclaring symbol font `largesymbols' on input line 31.
LaTeX Font Info:    Overwriting symbol font `largesymbols' in version `normal'
(Font)                  OMX/cmex/m/n --> OMX/ztmcm/m/n on input line 31.
LaTeX Font Info:    Overwriting symbol font `largesymbols' in version `bold'
(Font)                  OMX/cmex/m/n --> OMX/ztmcm/m/n on input line 31.
\symbold=\mathgroup4
\symitalic=\mathgroup5
LaTeX Font Info:    Redeclaring math alphabet \mathbf on input line 34.
LaTeX Font Info:    Overwriting math alphabet `\mathbf' in version `normal'
(Font)                  OT1/cmr/bx/n --> OT1/ptm/bx/n on input line 34.
LaTeX Font Info:    Overwriting math alphabet `\mathbf' in version `bold'
(Font)                  OT1/cmr/bx/n --> OT1/ptm/bx/n on input line 34.
LaTeX Font Info:    Redeclaring math alphabet \mathit on input line 35.
LaTeX Font Info:    Overwriting math alphabet `\mathit' in version `normal'
(Font)                  OT1/cmr/m/it --> OT1/ptm/m/it on input line 35.
LaTeX Font Info:    Overwriting math alphabet `\mathit' in version `bold'
(Font)                  OT1/cmr/bx/it --> OT1/ptm/m/it on input line 35.
LaTeX Info: Redefining \hbar on input line 50.
)
("/Users/bvhuijgevoort/Library/Application Support/MiKTeX/texmfs/install/tex/la
tex/psnfss/helvet.sty"
Package: helvet 2005/04/12 PSNFSS-v9.2a (WaS) 
)
("/Users/bvhuijgevoort/Library/Application Support/MiKTeX/texmfs/install/tex/la
tex/psnfss/courier.sty"
Package: courier 2005/04/12 PSNFSS-v9.2a (WaS) 
)
("/Users/bvhuijgevoort/Library/Application Support/MiKTeX/texmfs/install/tex/la
tex/tools/array.sty"
Package: array 2018/04/30 v2.4h Tabular extension package (FMi)
\col@sep=\dimen111
\ar@mcellbox=\box26
\extrarowheight=\dimen112
\NC@list=\toks16
\extratabsurround=\skip43
\backup@length=\skip44
\ar@cellbox=\box27
)
\ieee@author@width=\skip45

("/Users/bvhuijgevoort/Library/Application Support/MiKTeX/texmfs/install/tex/la
tex/titlesec/titlesec.sty"
Package: titlesec 2016/03/21 v2.10.2 Sectioning titles
\ttl@box=\box28
\beforetitleunit=\skip46
\aftertitleunit=\skip47
\ttl@plus=\dimen113
\ttl@minus=\dimen114
\ttl@toksa=\toks17
\titlewidth=\dimen115
\titlewidthlast=\dimen116
\titlewidthfirst=\dimen117
))
("/Users/bvhuijgevoort/Library/Application Support/MiKTeX/texmfs/install/tex/la
tex/amscls/amsthm.sty"
Package: amsthm 2017/10/31 v2.20.4
\thm@style=\toks18
\thm@bodyfont=\toks19
\thm@headfont=\toks20
\thm@notefont=\toks21
\thm@headpunct=\toks22
\thm@preskip=\skip48
\thm@postskip=\skip49
\thm@headsep=\skip50
\dth@everypar=\toks23
)
("/Users/bvhuijgevoort/Library/Application Support/MiKTeX/texmfs/install/tex/la
tex/base/inputenc.sty"
Package: inputenc 2018/04/06 v1.3b Input encoding file
\inpenc@prehook=\toks24
\inpenc@posthook=\toks25
)
("/Users/bvhuijgevoort/Library/Application Support/MiKTeX/texmfs/install/tex/la
tex/xcolor/xcolor.sty"
Package: xcolor 2016/05/11 v2.12 LaTeX color extensions (UK)

("/Users/bvhuijgevoort/Library/Application Support/MiKTeX/texmfs/install/tex/la
tex/graphics-cfg/color.cfg"
File: color.cfg 2016/01/02 v1.6 sample color configuration
)
Package xcolor Info: Driver file: pdftex.def on input line 225.

("/Users/bvhuijgevoort/Library/Application Support/MiKTeX/texmfs/install/tex/la
tex/graphics-def/pdftex.def"
File: pdftex.def 2018/01/08 v1.0l Graphics/color driver for pdftex
)
Package xcolor Info: Model `cmy' substituted by `cmy0' on input line 1348.
Package xcolor Info: Model `hsb' substituted by `rgb' on input line 1352.
Package xcolor Info: Model `RGB' extended on input line 1364.
Package xcolor Info: Model `HTML' substituted by `rgb' on input line 1366.
Package xcolor Info: Model `Hsb' substituted by `hsb' on input line 1367.
Package xcolor Info: Model `tHsb' substituted by `hsb' on input line 1368.
Package xcolor Info: Model `HSB' substituted by `hsb' on input line 1369.
Package xcolor Info: Model `Gray' substituted by `gray' on input line 1370.
Package xcolor Info: Model `wave' substituted by `hsb' on input line 1371.

("/Users/bvhuijgevoort/Library/Application Support/MiKTeX/texmfs/install/tex/la
tex/graphics/dvipsnam.def"
File: dvipsnam.def 2016/06/17 v3.0m Driver-dependent file (DPC,SPQR)
))
("/Users/bvhuijgevoort/Library/Application Support/MiKTeX/texmfs/install/tex/la
tex/amsfonts/amsfonts.sty"
Package: amsfonts 2013/01/14 v3.01 Basic AMSFonts support
\@emptytoks=\toks26
\symAMSa=\mathgroup6
\symAMSb=\mathgroup7
LaTeX Font Info:    Overwriting math alphabet `\mathfrak' in version `bold'
(Font)                  U/euf/m/n --> U/euf/b/n on input line 106.
)
("/Users/bvhuijgevoort/Library/Application Support/MiKTeX/texmfs/install/tex/la
tex/comment/comment.sty"
\CommentStream=\write3
 Excluding comment 'comment')
("/Users/bvhuijgevoort/Library/Application Support/MiKTeX/texmfs/install/tex/la
tex/amsmath/amsmath.sty"
Package: amsmath 2017/09/02 v2.17a AMS math features
\@mathmargin=\skip51

For additional information on amsmath, use the `?' option.

("/Users/bvhuijgevoort/Library/Application Support/MiKTeX/texmfs/install/tex/la
tex/amsmath/amstext.sty"
Package: amstext 2000/06/29 v2.01 AMS text

("/Users/bvhuijgevoort/Library/Application Support/MiKTeX/texmfs/install/tex/la
tex/amsmath/amsgen.sty"
File: amsgen.sty 1999/11/30 v2.0 generic functions
\@emptytoks=\toks27
\ex@=\dimen118
))
("/Users/bvhuijgevoort/Library/Application Support/MiKTeX/texmfs/install/tex/la
tex/amsmath/amsbsy.sty"
Package: amsbsy 1999/11/29 v1.2d Bold Symbols
\pmbraise@=\dimen119
)
("/Users/bvhuijgevoort/Library/Application Support/MiKTeX/texmfs/install/tex/la
tex/amsmath/amsopn.sty"
Package: amsopn 2016/03/08 v2.02 operator names
)
\inf@bad=\count91
LaTeX Info: Redefining \frac on input line 213.
\uproot@=\count92
\leftroot@=\count93
LaTeX Info: Redefining \overline on input line 375.
\classnum@=\count94
\DOTSCASE@=\count95
LaTeX Info: Redefining \ldots on input line 472.
LaTeX Info: Redefining \dots on input line 475.
LaTeX Info: Redefining \cdots on input line 596.
\Mathstrutbox@=\box29
\strutbox@=\box30
\big@size=\dimen120
LaTeX Font Info:    Redeclaring font encoding OML on input line 712.
LaTeX Font Info:    Redeclaring font encoding OMS on input line 713.
\macc@depth=\count96
\c@MaxMatrixCols=\count97
\dotsspace@=\muskip10
\c@parentequation=\count98
\dspbrk@lvl=\count99
\tag@help=\toks28
\row@=\count100
\column@=\count101
\maxfields@=\count102
\andhelp@=\toks29
\eqnshift@=\dimen121
\alignsep@=\dimen122
\tagshift@=\dimen123
\tagwidth@=\dimen124
\totwidth@=\dimen125
\lineht@=\dimen126
\@envbody=\toks30
\multlinegap=\skip52
\multlinetaggap=\skip53
\mathdisplay@stack=\toks31
LaTeX Info: Redefining \[ on input line 2817.
LaTeX Info: Redefining \] on input line 2818.
)
("/Users/bvhuijgevoort/Library/Application Support/MiKTeX/texmfs/install/tex/la
tex/amsfonts/amssymb.sty"
Package: amssymb 2013/01/14 v3.01 AMS font symbols
)
("/Users/bvhuijgevoort/Library/Application Support/MiKTeX/texmfs/install/tex/la
tex/graphics/graphicx.sty"
Package: graphicx 2017/06/01 v1.1a Enhanced LaTeX Graphics (DPC,SPQR)

("/Users/bvhuijgevoort/Library/Application Support/MiKTeX/texmfs/install/tex/la
tex/graphics/graphics.sty"
Package: graphics 2017/06/25 v1.2c Standard LaTeX Graphics (DPC,SPQR)

("/Users/bvhuijgevoort/Library/Application Support/MiKTeX/texmfs/install/tex/la
tex/graphics/trig.sty"
Package: trig 2016/01/03 v1.10 sin cos tan (DPC)
)
("/Users/bvhuijgevoort/Library/Application Support/MiKTeX/texmfs/install/tex/la
tex/graphics-cfg/graphics.cfg"
File: graphics.cfg 2016/06/04 v1.11 sample graphics configuration
)
Package graphics Info: Driver file: pdftex.def on input line 99.
)
\Gin@req@height=\dimen127
\Gin@req@width=\dimen128
)
("/Users/bvhuijgevoort/Library/Application Support/MiKTeX/texmfs/install/tex/la
tex/subfig/subfig.sty"
Package: subfig 2005/06/28 ver: 1.3 subfig package

("/Users/bvhuijgevoort/Library/Application Support/MiKTeX/texmfs/install/tex/la
tex/caption/caption.sty"
Package: caption 2018/10/06 v3.3-154 Customizing captions (AR)

("/Users/bvhuijgevoort/Library/Application Support/MiKTeX/texmfs/install/tex/la
tex/caption/caption3.sty"
Package: caption3 2018/09/12 v1.8c caption3 kernel (AR)
Package caption3 Info: TeX engine: e-TeX on input line 64.
\captionmargin=\dimen129
\captionmargin@=\dimen130
\captionwidth=\dimen131
\caption@tempdima=\dimen132
\caption@indent=\dimen133
\caption@parindent=\dimen134
\caption@hangindent=\dimen135
Package caption Info: Unknown document class (or package),
(caption)             standard defaults will be used.
)

Package caption Warning: Unsupported document class (or package) detected,
(caption)                usage of the caption package is not recommended.
See the caption package documentation for explanation.

Package caption Info: \@makecaption = \long macro:#1#2->\vskip \abovecaptionski
p \sbox \@tempboxa {\ieee@helv@x@bold #1. #2}\ifdim \wd \@tempboxa >\hsize \iee
e@helv@x@bold #1. #2\par \else \global \@minipagefalse \hb@xt@ \hsize {\hfil \b
ox \@tempboxa \hfil }\fi \vskip \belowcaptionskip .
\c@caption@flags=\count103
\c@ContinuedFloat=\count104
)
\c@KVtest=\count105
\sf@farskip=\skip54
\sf@captopadj=\dimen136
\sf@capskip=\skip55
\sf@nearskip=\skip56
\c@subfigure=\count106
\c@subfigure@save=\count107
\c@lofdepth=\count108
\c@subtable=\count109
\c@subtable@save=\count110
\c@lotdepth=\count111
\sf@top=\skip57
\sf@bottom=\skip58
)
("/Users/bvhuijgevoort/Library/Application Support/MiKTeX/texmfs/install/tex/la
tex/appendix/appendix.sty"
Package: appendix 2009/09/02 v1.2b extra appendix facilities
\c@@pps=\count112
\c@@ppsavesec=\count113
\c@@ppsaveapp=\count114
)
("/Users/bvhuijgevoort/Library/Application Support/MiKTeX/texmfs/install/tex/la
tex/amsfonts/euscript.sty"
Package: euscript 2009/06/22 v3.00 Euler Script fonts
LaTeX Font Info:    Overwriting math alphabet `\EuScript' in version `bold'
(Font)                  U/eus/m/n --> U/eus/b/n on input line 33.
)
\c@theorem=\count115
\c@definition=\count116
\c@prop=\count117
\c@remark=\count118

("/Users/bvhuijgevoort/Library/Application Support/MiKTeX/texmfs/install/tex/la
tex/arydshln/arydshln.sty"
Package: arydshln 2018/09/26 v1.74 
\dashlinedash=\dimen137
\dashlinegap=\dimen138
\adl@box=\box31
\adl@height=\dimen139
\adl@heightsave=\dimen140
\adl@depth=\dimen141
\adl@depthsave=\dimen142
\adl@finaldepth=\dimen143
\adl@columns=\count119
\adl@ncol=\count120
\adl@currentcolumn=\count121
\adl@currentcolumnsave=\count122
\adl@totalheight=\count123
\adl@totalheightsave=\count124
\adl@dash=\count125
\adl@gap=\count126
\adl@cla=\count127
\adl@clb=\count128
\adl@everyvbox=\toks32
\adl@LTpagetotal=\dimen144
) (Documentation.aux)
\openout1 = `Documentation.aux'.

LaTeX Font Info:    Checking defaults for OML/cmm/m/it on input line 23.
LaTeX Font Info:    ... okay on input line 23.
LaTeX Font Info:    Checking defaults for T1/cmr/m/n on input line 23.
LaTeX Font Info:    ... okay on input line 23.
LaTeX Font Info:    Checking defaults for OT1/cmr/m/n on input line 23.
LaTeX Font Info:    ... okay on input line 23.
LaTeX Font Info:    Checking defaults for OMS/cmsy/m/n on input line 23.
LaTeX Font Info:    ... okay on input line 23.
LaTeX Font Info:    Checking defaults for OMX/cmex/m/n on input line 23.
LaTeX Font Info:    ... okay on input line 23.
LaTeX Font Info:    Checking defaults for U/cmr/m/n on input line 23.
LaTeX Font Info:    ... okay on input line 23.
LaTeX Font Info:    Try loading font information for OT1+ptm on input line 23.

("/Users/bvhuijgevoort/Library/Application Support/MiKTeX/texmfs/install/tex/la
tex/psnfss/ot1ptm.fd"
File: ot1ptm.fd 2001/06/04 font definitions for OT1/ptm.
)
*geometry* driver: auto-detecting
*geometry* detected driver: pdftex
*geometry* verbose mode - [ preamble ] result:
* driver: pdftex
* paper: <default>
* layout: <same size as paper>
* layoutoffset:(h,v)=(0.0pt,0.0pt)
* modes: 
* h-part:(L,W,R)=(72.27pt, 469.75499pt, 72.27pt)
* v-part:(T,H,B)=(72.26999pt, 641.39624pt, 81.30376pt)
* \paperwidth=614.295pt
* \paperheight=794.96999pt
* \textwidth=469.75499pt
* \textheight=641.39624pt
* \oddsidemargin=0.00002pt
* \evensidemargin=0.00002pt
* \topmargin=0.0pt
* \headheight=0.0pt
* \headsep=0.0pt
* \topskip=10.0pt
* \footskip=0.0pt
* \marginparwidth=65.0pt
* \marginparsep=11.0pt
* \columnsep=27.10124pt
* \skip\footins=9.0pt plus 4.0pt minus 2.0pt
* \hoffset=0.0pt
* \voffset=0.0pt
* \mag=1000
* \@twocolumnfalse
* \@twosidefalse
* \@mparswitchfalse
* \@reversemarginfalse
* (1in=72.27pt=25.4mm, 1cm=28.453pt)


("/Users/bvhuijgevoort/Library/Application Support/MiKTeX/texmfs/install/tex/co
ntext/base/supp-pdf.mkii"
[Loading MPS to PDF converter (version 2006.09.02).]
\scratchcounter=\count129
\scratchdimen=\dimen145
\scratchbox=\box32
\nofMPsegments=\count130
\nofMParguments=\count131
\everyMPshowfont=\toks33
\MPscratchCnt=\count132
\MPscratchDim=\dimen146
\MPnumerator=\count133
\makeMPintoPDFobject=\count134
\everyMPtoPDFconversion=\toks34
)
("/Users/bvhuijgevoort/Library/Application Support/MiKTeX/texmfs/install/tex/la
tex/oberdiek/epstopdf-base.sty"
Package: epstopdf-base 2016/05/15 v2.6 Base part for package epstopdf

("/Users/bvhuijgevoort/Library/Application Support/MiKTeX/texmfs/install/tex/ge
neric/oberdiek/infwarerr.sty"
Package: infwarerr 2016/05/16 v1.4 Providing info/warning/error messages (HO)
)
("/Users/bvhuijgevoort/Library/Application Support/MiKTeX/texmfs/install/tex/la
tex/oberdiek/grfext.sty"
Package: grfext 2016/05/16 v1.2 Manage graphics extensions (HO)

("/Users/bvhuijgevoort/Library/Application Support/MiKTeX/texmfs/install/tex/ge
neric/oberdiek/kvdefinekeys.sty"
Package: kvdefinekeys 2016/05/16 v1.4 Define keys (HO)

("/Users/bvhuijgevoort/Library/Application Support/MiKTeX/texmfs/install/tex/ge
neric/oberdiek/ltxcmds.sty"
Package: ltxcmds 2016/05/16 v1.23 LaTeX kernel commands for general use (HO)
)))
("/Users/bvhuijgevoort/Library/Application Support/MiKTeX/texmfs/install/tex/la
tex/oberdiek/kvoptions.sty"
Package: kvoptions 2016/05/16 v3.12 Key value format for package options (HO)

("/Users/bvhuijgevoort/Library/Application Support/MiKTeX/texmfs/install/tex/ge
neric/oberdiek/kvsetkeys.sty"
Package: kvsetkeys 2016/05/16 v1.17 Key value parser (HO)

("/Users/bvhuijgevoort/Library/Application Support/MiKTeX/texmfs/install/tex/ge
neric/oberdiek/etexcmds.sty"
Package: etexcmds 2016/05/16 v1.6 Avoid name clashes with e-TeX commands (HO)

("/Users/bvhuijgevoort/Library/Application Support/MiKTeX/texmfs/install/tex/ge
neric/oberdiek/ifluatex.sty"
Package: ifluatex 2016/05/16 v1.4 Provides the ifluatex switch (HO)
Package ifluatex Info: LuaTeX not detected.
)
Package etexcmds Info: Could not find \expanded.
(etexcmds)             That can mean that you are not using pdfTeX 1.50 or
(etexcmds)             that some package has redefined \expanded.
(etexcmds)             In the latter case, load this package earlier.
)))
("/Users/bvhuijgevoort/Library/Application Support/MiKTeX/texmfs/install/tex/ge
neric/oberdiek/pdftexcmds.sty"
Package: pdftexcmds 2018/09/10 v0.29 Utility functions of pdfTeX for LuaTeX (HO
)
Package pdftexcmds Info: LuaTeX not detected.
Package pdftexcmds Info: \pdf@primitive is available.
Package pdftexcmds Info: \pdf@ifprimitive is available.
Package pdftexcmds Info: \pdfdraftmode found.
)
Package epstopdf-base Info: Redefining graphics rule for `.eps' on input line 4
38.
Package grfext Info: Graphics extension search list:
(grfext)             [.pdf,.png,.jpg,.mps,.jpeg,.jbig2,.jb2,.PDF,.PNG,.JPG,.JPE
G,.JBIG2,.JB2,.eps]
(grfext)             \AppendGraphicsExtensions on input line 456.
)
Package caption Info: Begin \AtBeginDocument code.
Package caption Info: subfig package v1.3 is loaded.
Package caption Info: End \AtBeginDocument code.
LaTeX Font Info:    Font shape `OT1/ptm/bx/n' in size <10> not available
(Font)              Font shape `OT1/ptm/b/n' tried instead on input line 28.
LaTeX Font Info:    Font shape `OT1/ptm/bx/n' in size <14> not available
(Font)              Font shape `OT1/ptm/b/n' tried instead on input line 28.
LaTeX Font Info:    Try loading font information for OT1+ztmcm on input line 28
.

("/Users/bvhuijgevoort/Library/Application Support/MiKTeX/texmfs/install/tex/la
tex/psnfss/ot1ztmcm.fd"
File: ot1ztmcm.fd 2000/01/03 Fontinst v1.801 font definitions for OT1/ztmcm.
)
LaTeX Font Info:    Try loading font information for OML+ztmcm on input line 28
.

("/Users/bvhuijgevoort/Library/Application Support/MiKTeX/texmfs/install/tex/la
tex/psnfss/omlztmcm.fd"
File: omlztmcm.fd 2000/01/03 Fontinst v1.801 font definitions for OML/ztmcm.
)
LaTeX Font Info:    Try loading font information for OMS+ztmcm on input line 28
.

("/Users/bvhuijgevoort/Library/Application Support/MiKTeX/texmfs/install/tex/la
tex/psnfss/omsztmcm.fd"
File: omsztmcm.fd 2000/01/03 Fontinst v1.801 font definitions for OMS/ztmcm.
)
LaTeX Font Info:    Try loading font information for OMX+ztmcm on input line 28
.

("/Users/bvhuijgevoort/Library/Application Support/MiKTeX/texmfs/install/tex/la
tex/psnfss/omxztmcm.fd"
File: omxztmcm.fd 2000/01/03 Fontinst v1.801 font definitions for OMX/ztmcm.
)
LaTeX Font Info:    Font shape `OT1/ptm/bx/n' in size <12> not available
(Font)              Font shape `OT1/ptm/b/n' tried instead on input line 28.
LaTeX Font Info:    Font shape `OT1/ptm/bx/n' in size <9> not available
(Font)              Font shape `OT1/ptm/b/n' tried instead on input line 28.
LaTeX Font Info:    Font shape `OT1/ptm/bx/n' in size <7> not available
(Font)              Font shape `OT1/ptm/b/n' tried instead on input line 28.
LaTeX Font Info:    Try loading font information for OT1+pcr on input line 32.

("/Users/bvhuijgevoort/Library/Application Support/MiKTeX/texmfs/install/tex/la
tex/psnfss/ot1pcr.fd"
File: ot1pcr.fd 2001/06/04 font definitions for OT1/pcr.
)
Overfull \hbox (54.38841pt too wide) in paragraph at lines 32--33
\OT1/ptm/m/n/10 (should be installed when YALMIP is installed) or Mosek (https:
//www.mosek.com). The solver is set in Similarity/ComputeDelta.m
 []

LaTeX Font Info:    Font shape `OT1/ptm/bx/n' in size <7.4> not available
(Font)              Font shape `OT1/ptm/b/n' tried instead on input line 35.
LaTeX Font Info:    Font shape `OT1/ptm/bx/n' in size <6> not available
(Font)              Font shape `OT1/ptm/b/n' tried instead on input line 35.
LaTeX Font Info:    Font shape `OT1/pcr/bx/n' in size <12> not available
(Font)              Font shape `OT1/pcr/b/n' tried instead on input line 58.
LaTeX Font Info:    Try loading font information for U+eus on input line 74.

("/Users/bvhuijgevoort/Library/Application Support/MiKTeX/texmfs/install/tex/la
tex/amsfonts/ueus.fd"
File: ueus.fd 2013/01/14 v3.01 Euler Script
) [1

{/Users/bvhuijgevoort/Library/Application Support/MiKTeX/texmfs/data/pdftex/con
fig/pdftex.map}]
LaTeX Font Info:    Font shape `OT1/ptm/bx/n' in size <11> not available
(Font)              Font shape `OT1/ptm/b/n' tried instead on input line 104.
 [2] (Documentation.aux) ) 
Here is how much of TeX's memory you used:
 5626 strings out of 494889
 86430 string characters out of 3176477
 164527 words of memory out of 3000000
 9115 multiletter control sequences out of 15000+200000
 45362 words of font info for 103 fonts, out of 3000000 for 9000
 0 hyphenation exceptions out of 8191
 44i,15n,42p,517b,227s stack positions out of 5000i,500n,10000p,200000b,50000s
{/Users/bvhuijgevoort/Library/Application Support/MiK
TeX/texmfs/install/fonts/enc/dvips/base/8r.enc}</Users/bvhuijgevoort/Library/Ap
plication Support/MiKTeX/texmfs/install/fonts/type1/public/amsfonts/cm/cmex10.p
fb></Users/bvhuijgevoort/Library/Application Support/MiKTeX/texmfs/install/font
s/type1/public/amsfonts/cm/cmmi10.pfb></Users/bvhuijgevoort/Library/Application
 Support/MiKTeX/texmfs/install/fonts/type1/public/amsfonts/cm/cmr10.pfb></Users
/bvhuijgevoort/Library/Application Support/MiKTeX/texmfs/install/fonts/type1/pu
blic/amsfonts/cm/cmsy10.pfb></Users/bvhuijgevoort/Library/Application Support/M
iKTeX/texmfs/install/fonts/type1/public/amsfonts/euler/eusm10.pfb></Users/bvhui
jgevoort/Library/Application Support/MiKTeX/texmfs/install/fonts/type1/public/a
msfonts/symbols/msbm10.pfb></Users/bvhuijgevoort/Library/Application Support/Mi
KTeX/texmfs/install/fonts/type1/public/rsfs/rsfs10.pfb></Users/bvhuijgevoort/Li
brary/Application Support/MiKTeX/texmfs/install/fonts/type1/urw/courier/ucrb8a.
pfb></Users/bvhuijgevoort/Library/Application Support/MiKTeX/texmfs/install/fon
ts/type1/urw/courier/ucrr8a.pfb></Users/bvhuijgevoort/Library/Application Suppo
rt/MiKTeX/texmfs/install/fonts/type1/urw/symbol/usyr.pfb></Users/bvhuijgevoort/
Library/Application Support/MiKTeX/texmfs/install/fonts/type1/urw/symbol/usyr.p
fb></Users/bvhuijgevoort/Library/Application Support/MiKTeX/texmfs/install/font
s/type1/urw/times/utmb8a.pfb></Users/bvhuijgevoort/Library/Application Support/
MiKTeX/texmfs/install/fonts/type1/urw/times/utmr8a.pfb></Users/bvhuijgevoort/Li
brary/Application Support/MiKTeX/texmfs/install/fonts/type1/urw/times/utmri8a.p
fb>
Output written on Documentation.pdf (2 pages, 122616 bytes).
PDF statistics:
 66 PDF objects out of 1000 (max. 8388607)
 0 named destinations out of 1000 (max. 500000)
 1 words of extra memory for PDF output out of 10000 (max. 10000000)

